*********************** SignalP 3.0 predictions ***********************
Using neural networks (NN) and hidden Markov models (HMM) trained on eukaryotes

----------------------------------------------------------------------
>BC1G_00001.1 predicted protein translation)

SignalP-NN result:
>BC1G_00001.1          length = 100
# Measure  Position  Value  Cutoff  signal peptide?
  max. C    23       0.074   0.32   NO
  max. Y    33       0.014   0.33   NO
  max. S     2       0.075   0.87   NO
  mean S     1-32    0.024   0.48   NO
       D     1-32    0.019   0.43   NO

SignalP-HMM result:
>BC1G_00001.1
Prediction: Non-secretory protein
Signal peptide probability: 0.000
Signal anchor probability: 0.000
Max cleavage site probability: 0.000 between pos. -1 and  0

----------------------------------------------------------------------
>BC1G_00002.1 predicted protein translation)

SignalP-NN result:
>BC1G_00002.1          length = 100
# Measure  Position  Value  Cutoff  signal peptide?
  max. C    26       0.079   0.32   NO
  max. Y    22       0.057   0.33   NO
  max. S     1       0.382   0.87   NO
  mean S     1-21    0.094   0.48   NO
       D     1-21    0.075   0.43   NO

SignalP-HMM result:
>BC1G_00002.1
Prediction: Non-secretory protein
Signal peptide probability: 0.000
Signal anchor probability: 0.000
Max cleavage site probability: 0.000 between pos. 21 and 22

----------------------------------------------------------------------
>BC1G_00003.1 hypothetical protein translation)

SignalP-NN result:
>BC1G_00003.1          length = 100
# Measure  Position  Value  Cutoff  signal peptide?
  max. C    22       0.934   0.32   YES
  max. Y    22       0.867   0.33   YES
  max. S    13       0.991   0.87   YES
  mean S     1-21    0.939   0.48   YES
       D     1-21    0.903   0.43   YES
# Most likely cleavage site between pos. 21 and 22: VQG-AP

SignalP-HMM result:
>BC1G_00003.1
Prediction: Signal peptide
Signal peptide probability: 1.000
Signal anchor probability: 0.000
Max cleavage site probability: 0.974 between pos. 21 and 22

----------------------------------------------------------------------
>BC1G_00004.1 hypothetical protein translation)

SignalP-NN result:
>BC1G_00004.1          length = 100
# Measure  Position  Value  Cutoff  signal peptide?
  max. C    30       0.078   0.32   NO
  max. Y    17       0.087   0.33   NO
  max. S     1       0.340   0.87   NO
  mean S     1-16    0.170   0.48   NO
       D     1-16    0.129   0.43   NO

SignalP-HMM result:
>BC1G_00004.1
Prediction: Non-secretory protein
Signal peptide probability: 0.026
Signal anchor probability: 0.000
Max cleavage site probability: 0.009 between pos. 18 and 19

----------------------------------------------------------------------
>BC1G_00005.1 predicted protein translation)

SignalP-NN result:
>BC1G_00005.1          length = 100
# Measure  Position  Value  Cutoff  signal peptide?
  max. C    18       0.085   0.32   NO
  max. Y    18       0.073   0.33   NO
  max. S     3       0.659   0.87   NO
  mean S     1-17    0.176   0.48   NO
       D     1-17    0.125   0.43   NO

SignalP-HMM result:
>BC1G_00005.1
Prediction: Non-secretory protein
Signal peptide probability: 0.027
Signal anchor probability: 0.000
Max cleavage site probability: 0.026 between pos. 21 and 22

----------------------------------------------------------------------
>BC1G_00006.1 hypothetical protein translation)

SignalP-NN result:
>BC1G_00006.1          length = 35
# Measure  Position  Value  Cutoff  signal peptide?
  max. C    27       0.244   0.32   NO
  max. Y    27       0.035   0.33   NO
  max. S     2       0.161   0.87   NO
  mean S     1-26    0.053   0.48   NO
       D     1-26    0.044   0.43   NO

SignalP-HMM result:
>BC1G_00006.1
Prediction: Non-secretory protein
Signal peptide probability: 0.000
Signal anchor probability: 0.000
Max cleavage site probability: 0.000 between pos. 22 and 23

----------------------------------------------------------------------
>BC1G_00007.1 predicted protein translation)

SignalP-NN result:
>BC1G_00007.1          length = 73
# Measure  Position  Value  Cutoff  signal peptide?
  max. C    22       0.257   0.32   NO
  max. Y    22       0.176   0.33   NO
  max. S     2       0.620   0.87   NO
  mean S     1-21    0.258   0.48   NO
       D     1-21    0.217   0.43   NO

SignalP-HMM result:
>BC1G_00007.1
Prediction: Non-secretory protein
Signal peptide probability: 0.240
Signal anchor probability: 0.000
Max cleavage site probability: 0.228 between pos. 21 and 22

----------------------------------------------------------------------
>BC1G_00008.1 Homologue of M.grisea pathogenicity protein translation)

SignalP-NN result:
>BC1G_00008.1          length = 100
# Measure  Position  Value  Cutoff  signal peptide?
  max. C    83       0.576   0.32   YES
  max. Y    83       0.431   0.33   YES
  max. S    45       0.976   0.87   YES
  mean S     1-82    0.544   0.48   YES
       D     1-82    0.487   0.43   YES
# Most likely cleavage site between pos. 82 and 83: TQG-AR

SignalP-HMM result:
>BC1G_00008.1
Prediction: Signal anchor
Signal peptide probability: 0.194
Signal anchor probability: 0.737
Max cleavage site probability: 0.056 between pos. 21 and 22

----------------------------------------------------------------------
>BC1G_00009.1 hypothetical protein translation)

SignalP-NN result:
>BC1G_00009.1          length = 100
# Measure  Position  Value  Cutoff  signal peptide?
  max. C    28       0.425   0.32   YES
  max. Y    28       0.145   0.33   NO
  max. S     4       0.386   0.87   NO
  mean S     1-27    0.121   0.48   NO
       D     1-27    0.133   0.43   NO

SignalP-HMM result:
>BC1G_00009.1
Prediction: Non-secretory protein
Signal peptide probability: 0.005
Signal anchor probability: 0.000
Max cleavage site probability: 0.004 between pos. 19 and 20

----------------------------------------------------------------------
>BC1G_00010.1 hypothetical protein translation)

SignalP-NN result:
>BC1G_00010.1          length = 100
# Measure  Position  Value  Cutoff  signal peptide?
  max. C    23       0.054   0.32   NO
  max. Y    15       0.051   0.33   NO
  max. S     4       0.301   0.87   NO
  mean S     1-14    0.118   0.48   NO
       D     1-14    0.084   0.43   NO

SignalP-HMM result:
>BC1G_00010.1
Prediction: Non-secretory protein
Signal peptide probability: 0.000
Signal anchor probability: 0.113
Max cleavage site probability: 0.000 between pos. -1 and  0

