### targetp v1.1 prediction results ##################################
Number of query sequences:  500
Cleavage site predictions included.
Using NON-PLANT networks.

Name                  Len            mTP     SP  other  Loc  RC  TPlen
----------------------------------------------------------------------
BC1G_00001.1          173          0.393  0.024  0.683   _    4      -
BC1G_00002.1          120          0.619  0.040  0.458   M    5     97
BC1G_00003.1          323          0.094  0.895  0.027   S    1     21
BC1G_00004.1          361          0.402  0.072  0.479   _    5      -
BC1G_00005.1          244          0.526  0.035  0.548   _    5      -
BC1G_00006.1           35          0.234  0.036  0.819   _    3      -
BC1G_00007.1           73          0.292  0.127  0.431   _    5      -
BC1G_00008.1          349          0.088  0.958  0.078   S    1     82
BC1G_00009.1          514          0.183  0.102  0.735   _    3      -
BC1G_00010.1          440          0.114  0.088  0.865   _    2      -
----------------------------------------------------------------------
cutoff                             0.000  0.000  0.000

### targetp v1.1 prediction results ##################################
Number of query sequences:  500
Cleavage site predictions included.
Using NON-PLANT networks.

Name                  Len            mTP     SP  other  Loc  RC  TPlen
----------------------------------------------------------------------
BC1G_04501.1          215          0.185  0.038  0.843   _    2      -
BC1G_04502.1          395          0.118  0.164  0.825   _    2      -
BC1G_04503.1          199          0.515  0.062  0.436   M    5     20
BC1G_04504.1          220          0.440  0.030  0.707   _    4      -
BC1G_04505.1           67          0.382  0.049  0.610   _    4      -
----------------------------------------------------------------------
cutoff                             0.000  0.000  0.000