
Vector Driver.
-----------------


-----------------------------------------------------
   CREATING 10 Persons.
-----------------------------------------------------

PersonManager STATS FOR: Vector Tester
----------------------------------------
       TOTAL: 10          
       FIRST: joe         
        LAST: ed          
      RANKBY: order of addition

  Rank Name       Prev       Next      
  ---- ----       ----       ----      
  1    joe        First      pat       
  2    pat        joe        peg       
  3    peg        pat        lou       
  4    lou        peg        al        
  5    al         lou        bob       
  6    bob        al         carol     
  7    carol      bob        chris     
  8    chris      carol      nat       
  9    nat        chris      ed        
  10   ed         nat        Last      


-----------------------------------------------------
   SORTING BY NAME.
-----------------------------------------------------

PersonManager STATS FOR: Vector Tester
----------------------------------------
       TOTAL: 10          
       FIRST: al          
        LAST: peg         
      RANKBY: name        

  Rank Name       Prev       Next      
  ---- ----       ----       ----      
  1    al         First      bob       
  2    bob        al         carol     
  3    carol      bob        chris     
  4    chris      carol      ed        
  5    ed         chris      joe       
  6    joe        ed         lou       
  7    lou        joe        nat       
  8    nat        lou        pat       
  9    pat        nat        peg       
  10   peg        pat        Last      


-----------------------------------------------------
   DELETING 'bob'.
-----------------------------------------------------

PersonManager STATS FOR: Vector Tester
----------------------------------------
       TOTAL: 9           
       FIRST: al          
        LAST: peg         
      RANKBY: name        

  Rank Name       Prev       Next      
  ---- ----       ----       ----      
  1    al         First      carol     
  2    carol      al         chris     
  3    chris      carol      ed        
  4    ed         chris      joe       
  5    joe        ed         lou       
  6    lou        joe        nat       
  7    nat        lou        pat       
  8    pat        nat        peg       
  9    peg        pat        Last      


-----------------------------------------------------
   DELETING FIRST.
-----------------------------------------------------

PersonManager STATS FOR: Vector Tester
----------------------------------------
       TOTAL: 8           
       FIRST: carol       
        LAST: peg         
      RANKBY: name        

  Rank Name       Prev       Next      
  ---- ----       ----       ----      
  1    carol      First      chris     
  2    chris      carol      ed        
  3    ed         chris      joe       
  4    joe        ed         lou       
  5    lou        joe        nat       
  6    nat        lou        pat       
  7    pat        nat        peg       
  8    peg        pat        Last      


-----------------------------------------------------
   DELETING LAST.
-----------------------------------------------------

PersonManager STATS FOR: Vector Tester
----------------------------------------
       TOTAL: 7           
       FIRST: carol       
        LAST: pat         
      RANKBY: name        

  Rank Name       Prev       Next      
  ---- ----       ----       ----      
  1    carol      First      chris     
  2    chris      carol      ed        
  3    ed         chris      joe       
  4    joe        ed         lou       
  5    lou        joe        nat       
  6    nat        lou        pat       
  7    pat        nat        Last      


-----------------------------------------------------
   INSERTING 'fred' AFTER 'joe'.
-----------------------------------------------------

PersonManager STATS FOR: Vector Tester
----------------------------------------
       TOTAL: 8           
       FIRST: carol       
        LAST: pat         
      RANKBY: name        

  Rank Name       Prev       Next      
  ---- ----       ----       ----      
  1    carol      First      chris     
  2    chris      carol      ed        
  3    ed         chris      joe       
  4    joe        ed         fred      
  5    fred       joe        lou       
  6    lou        fred       nat       
  7    nat        lou        pat       
  8    pat        nat        Last      


-----------------------------------------------------
   CLONING FIRST PERSON (don't tell the NIH!).
-----------------------------------------------------

SIZE OF carol: 1           
Person STATS FOR: carol
----------------------------------------
  Rank Name       Prev       Next      
  ---- ----       ----       ----      
  1    carol      First      Last      


-----------------------------------------------------
   VECTOR AFTER CLONING.
-----------------------------------------------------

PersonManager STATS FOR: Vector Tester
----------------------------------------
       TOTAL: 8           
       FIRST: carol       
        LAST: pat         
      RANKBY: name        

  Rank Name       Prev       Next      
  ---- ----       ----       ----      
  1    carol      First      chris     
  2    chris      carol      ed        
  3    ed         chris      joe       
  4    joe        ed         fred      
  5    fred       joe        lou       
  6    lou        fred       nat       
  7    nat        lou        pat       
  8    pat        nat        Last      

Done.

