   39
CBG01299    0.0000  0.0817  0.0592  0.3233  1.1054  1.8888  2.1754  1.8934
  2.1527  1.7524  3.0956  2.1666  2.5412  1.7686  2.7063  4.1339  4.2758
  2.0880  2.7562  2.5353  2.8402  2.6241  2.5270  3.2007  2.5240  2.7543
  2.8516  2.6939  3.2467  3.5679  3.6727  4.0515  4.1651  5.2267  4.8451
  4.3745  3.2268  5.0186  4.7793
CBG01300    0.0817  0.0000  0.0950  0.3111  1.1311  1.9558  2.2197  1.9320
  2.0299  1.8101  3.0581  2.2421  2.4764  1.7550  2.6971  4.5407  4.6271
  2.1786  2.8859  2.4726  2.8045  2.6099  2.4506  3.1862  2.5982  2.7305
  2.7926  2.8251  3.1864  3.5483  3.6954  4.0547  3.9877  5.3975  4.5982
  4.3584  3.0069  4.7190  4.7592
CBG01310    0.0592  0.0950  0.0000  0.3044  1.0783  1.7794  2.0800  1.7604
  2.1519  1.6822  3.0648  2.2776  2.3625  1.7116  2.5222  4.0405  4.0662
  1.8746  2.6138  2.4393  2.6637  2.3819  2.3785  2.9213  2.4552  2.5751
  2.7080  2.5817  3.0913  3.3989  3.5036  3.8942  4.1556  4.7610  4.0620
  3.9918  3.1087  4.5302  4.1661
CBG01309    0.3233  0.3111  0.3044  0.0000  1.2678  2.0095  2.2611  1.7987
  2.2973  2.5338  3.3318  2.2343  2.4923  2.0327  2.8308  4.2220  4.5559
  2.1512  3.0813  2.4151  2.6066  2.6837  2.7222  3.2280  3.2690  2.9720
  2.7759  2.9316  3.0455  4.3733  3.9787  4.8184  4.8889  4.9857  5.9673
  4.5837  4.1999  5.7211  4.7700
CBG22544    1.1054  1.1311  1.0783  1.2678  0.0000  2.3005  2.2678  2.0929
  2.6664  2.3400  3.7396  2.8023  2.5696  2.4446  2.8767  4.5479  4.1948
  2.1784  3.4408  2.5884  2.8710  2.8704  2.8186  2.9751  3.2856  3.2412
  3.3431  3.0718  3.6222  4.8202  4.4527  4.5427  4.2937  4.9768  4.6224
  4.3548  3.4335  5.1190  4.5442
CBG20585    1.8888  1.9558  1.7794  2.0095  2.3005  0.0000  1.6243  1.7037
  2.5358  2.9125  2.9857  3.8051  2.8146  2.1396  2.9517  3.6259  3.3024
  2.3407  2.5640  2.9741  2.9219  2.8086  2.7746  2.4331  2.4465  3.5125
  2.5244  3.2094  3.1828  4.5101  4.5919  4.4979  3.8859  5.1380  5.1993
  5.9836  4.3432  6.4117  4.8479
CBG23176    2.1754  2.2197  2.0800  2.2611  2.2678  1.6243  0.0000  1.3465
  2.4525  2.9269  3.1125  3.2487  2.3650  1.9584  3.1241  3.3811  3.2762
  2.1610  1.9983  2.8666  3.3917  2.4625  2.5294  2.8067  2.3930  3.3267
  2.4879  3.3610  3.3407  4.2896  4.8651  4.7867  3.7278  4.2166  5.4427
  5.7439  5.0511  5.4130  4.2919
CBG23612    1.8934  1.9320  1.7604  1.7987  2.0929  1.7037  1.3465  0.0000
  2.7833  2.7880  2.7217  3.0016  1.9889  1.8519  2.6404  3.5699  3.1966
  2.0200  2.1845  2.2500  2.5397  2.1483  2.0645  2.8851  2.3342  2.9882
  2.6273  2.9374  2.6007  4.2752  3.5955  3.2871  3.2864  4.3964  4.2783
  5.1700  4.4989  4.7197  3.4620
CBG10552    2.1527  2.0299  2.1519  2.2973  2.6664  2.5358  2.4525  2.7833
  0.0000  1.2087  3.1408  2.2870  3.5466  2.7371  4.3457  3.9308  3.6277
  2.4312  3.0315  2.6773  3.5620  3.1399  3.6217  3.0567  3.2404  3.3961
  3.1915  3.4462  3.8474  4.9926  4.9183  4.3491  4.5937  5.6950  5.0554
  7.6270  3.8392  5.2635  5.0165
CBG23530    1.7524  1.8101  1.6822  2.5338  2.3400  2.9125  2.9269  2.7880
  1.2087  0.0000  4.0816  2.7703  3.6054  2.9679  4.3304  4.8338  4.6208
  2.6064  3.3095  3.0407  4.5735  3.9027  3.4701  3.8061  3.7082  3.5302
  3.4530  4.6425  3.7924  4.9159  5.1012  4.8005  5.4006  5.4801  5.8932
  9.8750  5.1466  6.8839  6.2445
CBG01466    3.0956  3.0581  3.0648  3.3318  3.7396  2.9857  3.1125  2.7217
  3.1408  4.0816  0.0000  1.8592  2.3738  1.8216  2.3118  5.5897  4.6319
  2.8710  2.6876  4.1532  3.7306  3.1374  2.7316  3.1479  2.2777  3.9899
  2.7702  3.2043  3.3944  5.5110  4.6346  4.3744  4.1109  4.6211  4.4749
  5.8343  5.5416  5.8238  5.8422
CBG22548    2.1666  2.2421  2.2776  2.2343  2.8023  3.8051  3.2487  3.0016
  2.2870  2.7703  1.8592  0.0000  2.8299  2.4083  2.9370  3.5815  3.5466
  2.8880  3.0227  3.5764  3.0695  3.2547  3.5399  3.3406  2.9640  4.4963
  3.0453  3.7199  3.9175  8.1129  5.2160  5.6628  4.6900  6.2934  5.3828
  8.8144  5.2604  6.1903  8.6700
CBG05066    2.5412  2.4764  2.3625  2.4923  2.5696  2.8146  2.3650  1.9889
  3.5466  3.6054  2.3738  2.8299  0.0000  1.0051  1.9109  3.8239  3.8704
  2.4515  2.7870  2.7949  2.7684  2.4166  2.5454  2.5808  2.4503  3.1563
  2.8138  2.6766  3.0600  4.5917  4.2574  3.1549  3.9069  4.6103  4.4913
  4.4304  4.7055  4.9398  5.0936
CBG05832    1.7686  1.7550  1.7116  2.0327  2.4446  2.1396  1.9584  1.8519
  2.7371  2.9679  1.8216  2.4083  1.0051  0.0000  1.5844  3.1844  3.3444
  2.1097  2.3244  2.5432  2.1652  2.0448  2.0314  2.3851  1.9003  2.5341
  2.3383  2.5572  2.4384  3.7584  3.8479  2.5321  3.7703  3.7069  4.3240
  4.1994  3.9430  4.4252  3.6651
CBG09376    2.7063  2.6971  2.5222  2.8308  2.8767  2.9517  3.1241  2.6404
  4.3457  4.3304  2.3118  2.9370  1.9109  1.5844  0.0000  4.5978  4.3393
  2.5303  2.3488  3.8541  3.9204  3.0260  2.7213  2.8089  2.3821  4.2228
  2.5335  3.4108  2.7139  5.0363  4.6480  3.5726  4.1650  4.9869  5.1834
  4.9909  4.8281  5.5340  4.0523
CBG11598    4.1339  4.5407  4.0405  4.2220  4.5479  3.6259  3.3811  3.5699
  3.9308  4.8338  5.5897  3.5815  3.8239  3.1844  4.5978  0.0000  0.4235
  4.0731  4.2514  5.0939  3.5672  4.0178  4.0286  3.8919  3.8081  6.1309
  5.2024  5.0333  6.3027  4.9386  7.1985  4.2140  5.1831  6.5824  8.8471
 33.9888  5.4456 35.2800 11.7598
CBG11599    4.2758  4.6271  4.0662  4.5559  4.1948  3.3024  3.2762  3.1966
  3.6277  4.6208  4.6319  3.5466  3.8704  3.3444  4.3393  0.4235  0.0000
  3.9215  4.4659  5.1513  3.8787  3.8038  3.9034  3.7433  3.8979  5.5936
  4.5541  4.6220  6.3167  4.0992  7.2295  3.7229  4.7145  6.2658  7.1633
 18.8916  5.1039  7.1689 13.6941
CBG17648    2.0880  2.1786  1.8746  2.1512  2.1784  2.3407  2.1610  2.0200
  2.4312  2.6064  2.8710  2.8880  2.4515  2.1097  2.5303  4.0731  3.9215
  0.0000  2.8196  2.5896  2.7113  2.4208  2.4304  2.6635  2.7791  2.6486
  3.5471  2.6170  4.4278  3.8149  3.8812  3.2632  3.6267  4.5500  3.5307
  4.3285  3.5710  4.5875  4.1427
CBG24285    2.7562  2.8859  2.6138  3.0813  3.4408  2.5640  1.9983  2.1845
  3.0315  3.3095  2.6876  3.0227  2.7870  2.3244  2.3488  4.2514  4.4659
  2.8196  0.0000  2.6854  2.8606  2.5016  2.5539  2.5206  2.3332  3.3910
  2.4810  2.6546  2.9475  3.4766  3.8721  4.2607  4.1390  4.3110  3.8713
  4.8306  3.7968  4.2638  4.8254
CBG11540    2.5353  2.4726  2.4393  2.4151  2.5884  2.9741  2.8666  2.2500
  2.6773  3.0407  4.1532  3.5764  2.7949  2.5432  3.8541  5.0939  5.1513
  2.5896  2.6854  0.0000  3.7728  3.0711  2.9263  3.0104  3.1937  3.2678
  2.5709  4.1542  3.2024  4.6574  4.1274  5.1118  4.7469  4.7083  6.1301
  8.2226  5.4888  6.7308  6.5432
CBG09384    2.8402  2.8045  2.6637  2.6066  2.8710  2.9219  3.3917  2.5397
  3.5620  4.5735  3.7306  3.0695  2.7684  2.1652  3.9204  3.5672  3.8787
  2.7113  2.8606  3.7728  0.0000  2.8881  2.8447  3.0452  2.9702  3.7626
  2.9891  4.3174  3.5895  4.9629  4.7565  3.8767  4.1603  5.2401  9.4937
  4.7434  4.7223  5.4665  6.3838
CBG09498    2.6241  2.6099  2.3819  2.6837  2.8704  2.8086  2.4625  2.1483
  3.1399  3.9027  3.1374  3.2547  2.4166  2.0448  3.0260  4.0178  3.8038
  2.4208  2.5016  3.0711  2.8881  0.0000  2.3759  2.8964  2.3451  3.4168
  2.3817  3.8947  3.3078  4.1428  4.1551  3.5709  3.4280  4.6755  5.0728
  5.2081  5.4351  6.3079  4.8578
CBG19005    2.5270  2.4506  2.3785  2.7222  2.8186  2.7746  2.5294  2.0645
  3.6217  3.4701  2.7316  3.5399  2.5454  2.0314  2.7213  4.0286  3.9034
  2.4304  2.5539  2.9263  2.8447  2.3759  0.0000  2.9129  2.1658  3.9315
  2.3019  3.1963  2.8577  3.9306  3.9931  2.8974  3.3150  3.9219  5.4877
  5.5611  4.3223  4.4717  4.4160
CBG23622    3.2007  3.1862  2.9213  3.2280  2.9751  2.4331  2.8067  2.8851
  3.0567  3.8061  3.1479  3.3406  2.5808  2.3851  2.8089  3.8919  3.7433
  2.6635  2.5206  3.0104  3.0452  2.8964  2.9129  0.0000  2.2713  4.1687
  2.8117  3.8018  2.8588  4.4209  3.9024  3.2947  4.4194  4.2776  4.0199
  4.8392  4.3750  5.5841  5.4572
CBG19006    2.5240  2.5982  2.4552  3.2690  3.2856  2.4465  2.3930  2.3342
  3.2404  3.7082  2.2777  2.9640  2.4503  1.9003  2.3821  3.8081  3.8979
  2.7791  2.3332  3.1937  2.9702  2.3451  2.1658  2.2713  0.0000  3.1393
  2.4880  3.0211  2.9315  3.9284  3.5686  3.8554  3.6731  4.7036  4.0803
  4.3514  4.1644  4.2497  4.3599
CBG05117    2.7543  2.7305  2.5751  2.9720  3.2412  3.5125  3.3267  2.9882
  3.3961  3.5302  3.9899  4.4963  3.1563  2.5341  4.2228  6.1309  5.5936
  2.6486  3.3910  3.2678  3.7626  3.4168  3.9315  4.1687  3.1393  0.0000
  4.0873  4.8328  3.1335  4.9343  4.1052  3.7843  4.0682  4.2055  5.1586
  6.8573  4.2813  5.7905  4.5807
CBG06938    2.8516  2.7926  2.7080  2.7759  3.3431  2.5244  2.4879  2.6273
  3.1915  3.4530  2.7702  3.0453  2.8138  2.3383  2.5335  5.2024  4.5541
  3.5471  2.4810  2.5709  2.9891  2.3817  2.3019  2.8117  2.4880  4.0873
  0.0000  2.9802  3.2309  3.9309  4.7128  4.4982  4.4156  5.4946  4.9963
  6.0390  4.3920  5.3974  5.2162
CBG05569    2.6939  2.8251  2.5817  2.9316  3.0718  3.2094  3.3610  2.9374
  3.4462  4.6425  3.2043  3.7199  2.6766  2.5572  3.4108  5.0333  4.6220
  2.6170  2.6546  4.1542  4.3174  3.8947  3.1963  3.8018  3.0211  4.8328
  2.9802  0.0000  3.7514  4.7160  4.5549  4.3316  3.8211  5.9466  5.4133
  5.8945  5.1835  4.8958  5.1716
CBG01473    3.2467  3.1864  3.0913  3.0455  3.6222  3.1828  3.3407  2.6007
  3.8474  3.7924  3.3944  3.9175  3.0600  2.4384  2.7139  6.3027  6.3167
  4.4278  2.9475  3.2024  3.5895  3.3078  2.8577  2.8588  2.9315  3.1335
  3.2309  3.7514  0.0000  2.8729  3.6229  3.3751  3.2855  3.8873  3.2016
  4.4501  4.1784  5.5009  6.1935
CBG20565    3.5679  3.5483  3.3989  4.3733  4.8202  4.5101  4.2896  4.2752
  4.9926  4.9159  5.5110  8.1129  4.5917  3.7584  5.0363  4.9386  4.0992
  3.8149  3.4766  4.6574  4.9629  4.1428  3.9306  4.4209  3.9284  4.9343
  3.9309  4.7160  2.8729  0.0000  2.8421  2.9834  3.0900  3.1468  4.3755
  5.5408  4.0756  4.7912  4.9496
CBG08040    3.6727  3.6954  3.5036  3.9787  4.4527  4.5919  4.8651  3.5955
  4.9183  5.1012  4.6346  5.2160  4.2574  3.8479  4.6480  7.1985  7.2295
  3.8812  3.8721  4.1274  4.7565  4.1551  3.9931  3.9024  3.5686  4.1052
  4.7128  4.5549  3.6229  2.8421  0.0000  2.5113  3.0329  2.6063  3.7315
  6.1202  4.1715  4.5099  6.1951
CBG11008    4.0515  4.0547  3.8942  4.8184  4.5427  4.4979  4.7867  3.2871
  4.3491  4.8005  4.3744  5.6628  3.1549  2.5321  3.5726  4.2140  3.7229
  3.2632  4.2607  5.1118  3.8767  3.5709  2.8974  3.2947  3.8554  3.7843
  4.4982  4.3316  3.3751  2.9834  2.5113  0.0000  3.0012  3.5271  5.2530
  7.9480  3.9136  4.1362  4.1935
CBG19232    4.1651  3.9877  4.1556  4.8889  4.2937  3.8859  3.7278  3.2864
  4.5937  5.4006  4.1109  4.6900  3.9069  3.7703  4.1650  5.1831  4.7145
  3.6267  4.1390  4.7469  4.1603  3.4280  3.3150  4.4194  3.6731  4.0682
  4.4156  3.8211  3.2855  3.0900  3.0329  3.0012  0.0000  3.0649  5.7627
  7.8215  4.0200  4.3420  6.2253
CBG09297    5.2267  5.3975  4.7610  4.9857  4.9768  5.1380  4.2166  4.3964
  5.6950  5.4801  4.6211  6.2934  4.6103  3.7069  4.9869  6.5824  6.2658
  4.5500  4.3110  4.7083  5.2401  4.6755  3.9219  4.2776  4.7036  4.2055
  5.4946  5.9466  3.8873  3.1468  2.6063  3.5271  3.0649  0.0000  4.4712
  7.1902  4.4573  4.4089  5.8707
CBG17433    4.8451  4.5982  4.0620  5.9673  4.6224  5.1993  5.4427  4.2783
  5.0554  5.8932  4.4749  5.3828  4.4913  4.3240  5.1834  8.8471  7.1633
  3.5307  3.8713  6.1301  9.4937  5.0728  5.4877  4.0199  4.0803  5.1586
  4.9963  5.4133  3.2016  4.3755  3.7315  5.2530  5.7627  4.4712  0.0000
  8.9961  4.6166  4.4816  5.4284
CBG23193    4.3745  4.3584  3.9918  4.5837  4.3548  5.9836  5.7439  5.1700
  7.6270  9.8750  5.8343  8.8144  4.4304  4.1994  4.9909 33.9888 18.8916
  4.3285  4.8306  8.2226  4.7434  5.2081  5.5611  4.8392  4.3514  6.8573
  6.0390  5.8945  4.4501  5.5408  6.1202  7.9480  7.8215  7.1902  8.9961
  0.0000  7.4108  6.0423  6.4791
CBG22788    3.2268  3.0069  3.1087  4.1999  3.4335  4.3432  5.0511  4.4989
  3.8392  5.1466  5.5416  5.2604  4.7055  3.9430  4.8281  5.4456  5.1039
  3.5710  3.7968  5.4888  4.7223  5.4351  4.3223  4.3750  4.1644  4.2813
  4.3920  5.1835  4.1784  4.0756  4.1715  3.9136  4.0200  4.4573  4.6166
  7.4108  0.0000  5.3195  4.4669
CBG22521    5.0186  4.7190  4.5302  5.7211  5.1190  6.4117  5.4130  4.7197
  5.2635  6.8839  5.8238  6.1903  4.9398  4.4252  5.5340 35.2800  7.1689
  4.5875  4.2638  6.7308  5.4665  6.3079  4.4717  5.5841  4.2497  5.7905
  5.3974  4.8958  5.5009  4.7912  4.5099  4.1362  4.3420  4.4089  4.4816
  6.0423  5.3195  0.0000  5.3441
CBG00435    4.7793  4.7592  4.1661  4.7700  4.5442  4.8479  4.2919  3.4620
  5.0165  6.2445  5.8422  8.6700  5.0936  3.6651  4.0523 11.7598 13.6941
  4.1427  4.8254  6.5432  6.3838  4.8578  4.4160  5.4572  4.3599  4.5807
  5.2162  5.1716  6.1935  4.9496  6.1951  4.1935  6.2253  5.8707  5.4284
  6.4791  4.4669  5.3441  0.0000
